C:\Users\devFiend\Desktop\Web Dev Projects\x-analyzer\server\node_modules\@prisma\client\src\runtime\getPrismaClient.ts:260
        throw new PrismaClientInitializationError(
              ^
PrismaClientInitializationError: `PrismaClient` needs to be constructed with a non-empty, valid `PrismaClientOptions`:

```
new PrismaClient({
  ...
})
```

or

```
constructor() {
  super({ ... });
}
```
          
    at new t (C:\Users\devFiend\Desktop\Web Dev Projects\x-analyzer\server\node_modules\@prisma\client\src\runtime\getPrismaClient.ts:260:15)
    at Object.<anonymous> (C:\Users\devFiend\Desktop\Web Dev Projects\x-analyzer\server\db.ts:8:40)
    at Module._compile (node:internal/modules/cjs/loader:1761:14)
    at Module.m._compile (C:\Users\devFiend\Desktop\Web Dev Projects\x-analyzer\server\node_modules\ts-node\src\index.ts:1618:23)
    at node:internal/modules/cjs/loader:1893:10
    at Object.require.extensions.<computed> [as .ts] (C:\Users\devFiend\Desktop\Web Dev Projects\x-analyzer\server\node_modules\ts-node\src\index.ts:1621:12)
    at Module.load (node:internal/modules/cjs/loader:1481:32)
    at Module._load (node:internal/modules/cjs/loader:1300:12)
    at TracingChannel.traceSync (node:diagnostics_channel:328:14)
    at wrapModuleLoad (node:internal/modules/cjs/loader:245:24) {
  clientVersion: '7.4.2',
  errorCode: undefined,
  retryable: undefined
}
